<?xml version="1.0" encoding="UTF-8"?>
<!-- Generated by org.testng.reporters.JUnitReportReporter -->
<testsuite hostname="DESKTOP-4AN66NI" failures="0" tests="1" name="demoone.mavensecond.Demo" time="0.016" errors="0" timestamp="2022-03-10T13:16:09 EST" skipped="0">
  <testcase classname="demoone.mavensecond.Demo" name="hello" time="0.016"/>
  <system-out/>
</testsuite> <!-- demoone.mavensecond.Demo -->
