<?xml version="1.0" encoding="UTF-8"?>
<!-- Generated by org.testng.reporters.JUnitReportReporter -->
<testsuite hostname="DESKTOP-4AN66NI" failures="0" tests="1" name="demoone.mavensecond.AppTest" time="0.023" errors="0" timestamp="2022-03-10T13:42:41 EST" skipped="0">
  <testcase classname="demoone.mavensecond.AppTest" name="shouldAnswerWithTrue" time="0.023"/>
  <system-out/>
</testsuite> <!-- demoone.mavensecond.AppTest -->
